# JRE version: Java(TM) SE Runtime Environment (21.0.6+8) (build 21.0.6+8-LTS-188)
# Java VM: Java HotSpot(TM) 64-Bit Server VM (21.0.6+8-LTS-188, mixed mode, sharing, tiered, compressed oops, compressed class ptrs, g1 gc, windows-amd64)
GC Precious Log:
 CardTable entry size: 512
 Card Set container configuration: InlinePtr #cards 4 size 8 Array Of Cards #cards 32 size 80 Howl #buckets 8 coarsen threshold 7372 Howl Bitmap #cards 1024 size 144 coarsen threshold 921 Card regions per heap region 1 cards per card region 8192
 CPUs: 8 total, 8 available
 Memory: 20360M
 Large Page Support: Disabled
 NUMA Support: Disabled
 Compressed Oops: Enabled (Zero based)
 Heap Region Size: 4M
 Heap Min Capacity: 8M
 Heap Initial Capacity: 320M
 Heap Max Capacity: 5092M
 Pre-touch: Disabled
 Parallel Workers: 8
 Concurrent Workers: 2
 Concurrent Refinement Workers: 8
 Periodic GC: Disabled
Heap:
 garbage-first heap   total 110592K, used 95037K [0x00000006c1c00000, 0x0000000800000000)
  region size 4096K, 14 young (57344K), 1 survivors (4096K)
 Metaspace       used 91312K, committed 92160K, reserved 1179648K
  class space    used 12243K, committed 12608K, reserved 1048576K
GC Heap History (20 events):
Event: 13.352 GC heap after
{Heap after GC invocations=9 (full 0):
 garbage-first heap   total 200704K, used 21797K [0x00000006c1c00000, 0x0000000800000000)
  region size 4096K, 2 young (8192K), 2 survivors (8192K)
 Metaspace       used 41147K, committed 41728K, reserved 1114112K
  class space    used 4970K, committed 5248K, reserved 1048576K
}
Event: 18.273 GC heap before
{Heap before GC invocations=9 (full 0):
 garbage-first heap   total 200704K, used 103717K [0x00000006c1c00000, 0x0000000800000000)
  region size 4096K, 24 young (98304K), 2 survivors (8192K)
 Metaspace       used 59711K, committed 60416K, reserved 1114112K
  class space    used 7609K, committed 7936K, reserved 1048576K
}
Event: 18.288 GC heap after
{Heap after GC invocations=10 (full 0):
 garbage-first heap   total 200704K, used 27575K [0x00000006c1c00000, 0x0000000800000000)
  region size 4096K, 3 young (12288K), 3 survivors (12288K)
 Metaspace       used 59711K, committed 60416K, reserved 1114112K
  class space    used 7609K, committed 7936K, reserved 1048576K
}
Event: 20.211 GC heap before
{Heap before GC invocations=11 (full 0):
 garbage-first heap   total 110592K, used 80823K [0x00000006c1c00000, 0x0000000800000000)
  region size 4096K, 16 young (65536K), 3 survivors (12288K)
 Metaspace       used 69187K, committed 69888K, reserved 1114112K
  class space    used 9082K, committed 9408K, reserved 1048576K
}
Event: 20.223 GC heap after
{Heap after GC invocations=12 (full 0):
 garbage-first heap   total 110592K, used 29094K [0x00000006c1c00000, 0x0000000800000000)
  region size 4096K, 1 young (4096K), 1 survivors (4096K)
 Metaspace       used 69187K, committed 69888K, reserved 1114112K
  class space    used 9082K, committed 9408K, reserved 1048576K
}
Event: 21.974 GC heap before
{Heap before GC invocations=12 (full 0):
 garbage-first heap   total 110592K, used 90534K [0x00000006c1c00000, 0x0000000800000000)
  region size 4096K, 16 young (65536K), 1 survivors (4096K)
 Metaspace       used 75734K, committed 76352K, reserved 1179648K
  class space    used 10062K, committed 10368K, reserved 1048576K
}
Event: 21.998 GC heap after
{Heap after GC invocations=13 (full 0):
 garbage-first heap   total 110592K, used 34908K [0x00000006c1c00000, 0x0000000800000000)
  region size 4096K, 2 young (8192K), 2 survivors (8192K)
 Metaspace       used 75734K, committed 76352K, reserved 1179648K
  class space    used 10062K, committed 10368K, reserved 1048576K
}
Event: 23.040 GC heap before
{Heap before GC invocations=13 (full 0):
 garbage-first heap   total 110592K, used 92252K [0x00000006c1c00000, 0x0000000800000000)
  region size 4096K, 16 young (65536K), 2 survivors (8192K)
 Metaspace       used 80541K, committed 81216K, reserved 1179648K
  class space    used 10909K, committed 11200K, reserved 1048576K
}
Event: 23.064 GC heap after
{Heap after GC invocations=14 (full 0):
 garbage-first heap   total 110592K, used 35461K [0x00000006c1c00000, 0x0000000800000000)
  region size 4096K, 1 young (4096K), 1 survivors (4096K)
 Metaspace       used 80541K, committed 81216K, reserved 1179648K
  class space    used 10909K, committed 11200K, reserved 1048576K
}
Event: 23.882 GC heap before
{Heap before GC invocations=14 (full 0):
 garbage-first heap   total 110592K, used 96901K [0x00000006c1c00000, 0x0000000800000000)
  region size 4096K, 16 young (65536K), 1 survivors (4096K)
 Metaspace       used 81878K, committed 82624K, reserved 1179648K
  class space    used 11065K, committed 11392K, reserved 1048576K
}
Event: 23.890 GC heap after
{Heap after GC invocations=15 (full 0):
 garbage-first heap   total 110592K, used 37747K [0x00000006c1c00000, 0x0000000800000000)
  region size 4096K, 2 young (8192K), 2 survivors (8192K)
 Metaspace       used 81878K, committed 82624K, reserved 1179648K
  class space    used 11065K, committed 11392K, reserved 1048576K
}
Event: 87.098 GC heap before
{Heap before GC invocations=15 (full 0):
 garbage-first heap   total 110592K, used 90995K [0x00000006c1c00000, 0x0000000800000000)
  region size 4096K, 15 young (61440K), 2 survivors (8192K)
 Metaspace       used 85184K, committed 86016K, reserved 1179648K
  class space    used 11470K, committed 11840K, reserved 1048576K
}
Event: 87.106 GC heap after
{Heap after GC invocations=16 (full 0):
 garbage-first heap   total 110592K, used 40156K [0x00000006c1c00000, 0x0000000800000000)
  region size 4096K, 2 young (8192K), 2 survivors (8192K)
 Metaspace       used 85184K, committed 86016K, reserved 1179648K
  class space    used 11470K, committed 11840K, reserved 1048576K
}
Event: 160.728 GC heap before
{Heap before GC invocations=16 (full 0):
 garbage-first heap   total 110592K, used 85212K [0x00000006c1c00000, 0x0000000800000000)
  region size 4096K, 14 young (57344K), 2 survivors (8192K)
 Metaspace       used 91157K, committed 91968K, reserved 1179648K
  class space    used 12241K, committed 12608K, reserved 1048576K
}
Event: 160.736 GC heap after
{Heap after GC invocations=17 (full 0):
 garbage-first heap   total 110592K, used 41607K [0x00000006c1c00000, 0x0000000800000000)
  region size 4096K, 1 young (4096K), 1 survivors (4096K)
 Metaspace       used 91157K, committed 91968K, reserved 1179648K
  class space    used 12241K, committed 12608K, reserved 1048576K
}
Event: 315.505 GC heap before
{Heap before GC invocations=17 (full 0):
 garbage-first heap   total 110592K, used 94855K [0x00000006c1c00000, 0x0000000800000000)
  region size 4096K, 14 young (57344K), 1 survivors (4096K)
 Metaspace       used 91223K, committed 92096K, reserved 1179648K
  class space    used 12241K, committed 12608K, reserved 1048576K
}
Event: 315.512 GC heap after
{Heap after GC invocations=18 (full 0):
 garbage-first heap   total 110592K, used 41419K [0x00000006c1c00000, 0x0000000800000000)
  region size 4096K, 1 young (4096K), 1 survivors (4096K)
 Metaspace       used 91223K, committed 92096K, reserved 1179648K
  class space    used 12241K, committed 12608K, reserved 1048576K
}
Event: 469.024 GC heap before
{Heap before GC invocations=18 (full 0):
 garbage-first heap   total 110592K, used 94667K [0x00000006c1c00000, 0x0000000800000000)
  region size 4096K, 14 young (57344K), 1 survivors (4096K)
 Metaspace       used 91278K, committed 92096K, reserved 1179648K
  class space    used 12242K, committed 12608K, reserved 1048576K
}
Event: 469.029 GC heap after
{Heap after GC invocations=19 (full 0):
 garbage-first heap   total 110592K, used 41789K [0x00000006c1c00000, 0x0000000800000000)
  region size 4096K, 1 young (4096K), 1 survivors (4096K)
 Metaspace       used 91278K, committed 92096K, reserved 1179648K
  class space    used 12242K, committed 12608K, reserved 1048576K
}
Event: 625.137 GC heap before
{Heap before GC invocations=19 (full 0):
 garbage-first heap   total 110592K, used 95037K [0x00000006c1c00000, 0x0000000800000000)
  region size 4096K, 14 young (57344K), 1 survivors (4096K)
 Metaspace       used 91312K, committed 92160K, reserved 1179648K
  class space    used 12243K, committed 12608K, reserved 1048576K
}

